<?xml version="1.0" encoding="UTF-8"?>
<!-- Generated by org.testng.reporters.JUnitReportReporter -->
<testsuite hostname="acer" name="com.restassured.dynamicJson.RestAssurStaticJson" tests="1" failures="0" timestamp="21 May 2020 08:20:26 GMT" time="7.877" errors="0">
  <testcase name="dynamicJson" time="7.877" classname="com.restassured.dynamicJson.RestAssurStaticJson"/>
</testsuite> <!-- com.restassured.dynamicJson.RestAssurStaticJson -->
