<?xml version="1.0" encoding="UTF-8"?>
<!-- Generated by org.testng.reporters.JUnitReportReporter -->
<testsuite hostname="acer" name="com.restassured.dynamicJson.RestAssurParamatrize" tests="3" failures="0" timestamp="21 May 2020 06:00:27 GMT" time="5.686" errors="0">
  <testcase name="dynamicJson" time="0.328" classname="com.restassured.dynamicJson.RestAssurParamatrize"/>
  <testcase name="dynamicJson" time="5.046" classname="com.restassured.dynamicJson.RestAssurParamatrize"/>
  <testcase name="dynamicJson" time="0.312" classname="com.restassured.dynamicJson.RestAssurParamatrize"/>
</testsuite> <!-- com.restassured.dynamicJson.RestAssurParamatrize -->
