<?xml version="1.0" encoding="UTF-8"?>
<!-- Generated by org.testng.reporters.JUnitReportReporter -->
<testsuite hostname="acer" name="com.restassured.dynamicJson.RestAssuredTest4" tests="1" failures="0" timestamp="20 May 2020 17:15:01 GMT" time="4.950" errors="0">
  <testcase name="dynamicJson" time="4.950" classname="com.restassured.dynamicJson.RestAssuredTest4"/>
</testsuite> <!-- com.restassured.dynamicJson.RestAssuredTest4 -->
